<?xml version="1.0" encoding="UTF-8" ?>
<testsuite failures="0" time="16.911" errors="0" skipped="0" tests="42" name="org.openstack.client.keystone.KeyStoneAdminClientTest">
  <properties>
[...]
</properties>
  <testcase time="0.267" classname="org.openstack.client.keystone.KeyStoneAdminClientTest" name="shouldInstantiateClientWithBasicParams"/>
  <testcase time="0.217" classname="org.openstack.client.keystone.KeyStoneAdminClientTest" name="shouldInstantiateClientWithAdvancedParams"/>
  <testcase time="0.322" classname="org.openstack.client.keystone.KeyStoneAdminClientTest" name="validateTokenUsingMossoShouldSucceed"/>
  <testcase time="0.233" classname="org.openstack.client.keystone.KeyStoneAdminClientTest" name="validateTokenUsingCloudShouldSucceed"/>
  <testcase time="0.284" classname="org.openstack.client.keystone.KeyStoneAdminClientTest" name="validateTokenUsingNastShouldSucceed"/>
  <testcase time="0.221" classname="org.openstack.client.keystone.KeyStoneAdminClientTest" name="validateTokenShouldSucceedReturnProperTokenForCloud"/>
  <testcase time="0.219" classname="org.openstack.client.keystone.KeyStoneAdminClientTest" name="validateTokenShouldSucceedReturnProperTokenForMosso"/>
  <testcase time="0.248" classname="org.openstack.client.keystone.KeyStoneAdminClientTest" name="validateTokenShouldSucceedReturnProperTokenForNast"/>
  <testcase time="0.223" classname="org.openstack.client.keystone.KeyStoneAdminClientTest" name="validateTokenShouldSucceedReturnProperTokenExpirationForCloud"/>
  <testcase time="0.22" classname="org.openstack.client.keystone.KeyStoneAdminClientTest" name="validateTokenShouldSucceedReturnProperTokenExpirationForMosso"/>
  <testcase time="0.218" classname="org.openstack.client.keystone.KeyStoneAdminClientTest" name="validateTokenShouldSucceedReturnProperTokenExpirationForNast"/>
  <testcase time="0.25" classname="org.openstack.client.keystone.KeyStoneAdminClientTest" name="validateTokenShouldThrowExceptionWhenUnAuthorizedForCloud"/>
  <testcase time="0.275" classname="org.openstack.client.keystone.KeyStoneAdminClientTest" name="validateTokenShouldThrowExceptionWhenUnAuthorizedForMosso"/>
  <testcase time="0.269" classname="org.openstack.client.keystone.KeyStoneAdminClientTest" name="validateTokenShouldThrowExceptionWhenUnAuthorizedFornast"/>
  <testcase time="0.233" classname="org.openstack.client.keystone.KeyStoneAdminClientTest" name="validateTokenShouldThrowExceptionWhenTokenNullForCloud"/>
  <testcase time="0.215" classname="org.openstack.client.keystone.KeyStoneAdminClientTest" name="validateTokenShouldThrowExceptionWhenTokenNullForMosso"/>
  <testcase time="0.211" classname="org.openstack.client.keystone.KeyStoneAdminClientTest" name="validateTokenShouldThrowExceptionWhenTokenNullForNast"/>
  <testcase time="0.216" classname="org.openstack.client.keystone.KeyStoneAdminClientTest" name="getTokenShouldSucceedForCloud"/>
  <testcase time="0.217" classname="org.openstack.client.keystone.KeyStoneAdminClientTest" name="getTokenShouldSucceedForMosso"/>
  <testcase time="0.212" classname="org.openstack.client.keystone.KeyStoneAdminClientTest" name="getTokenShouldSucceedForNast"/>
  <testcase time="0.212" classname="org.openstack.client.keystone.KeyStoneAdminClientTest" name="getTokenShouldSucceedCompareTokenForCloud"/>
  <testcase time="0.217" classname="org.openstack.client.keystone.KeyStoneAdminClientTest" name="getTokenShouldSucceedCompareTokenForMosso"/>
  <testcase time="0.216" classname="org.openstack.client.keystone.KeyStoneAdminClientTest" name="getTokenShouldSucceedCompareTokenForNast"/>
  <testcase time="0.214" classname="org.openstack.client.keystone.KeyStoneAdminClientTest" name="getTokenShouldThrowExceptionWhenUnAuthorized"/>
  <testcase time="0.133" classname="org.openstack.client.keystone.KeyStoneAdminClientTest" name="getTokenShouldThrowExceptionWhenTokenNull"/>
  <testcase time="0.21" classname="org.openstack.client.keystone.KeyStoneAdminClientTest" name="listUserShouldSucceedForCloud"/>
  <testcase time="0.367" classname="org.openstack.client.keystone.KeyStoneAdminClientTest" name="listUserShouldSucceedForMosso"/>
  <testcase time="0.363" classname="org.openstack.client.keystone.KeyStoneAdminClientTest" name="listUserShouldSucceedForNast"/>
  <testcase time="0.22" classname="org.openstack.client.keystone.KeyStoneAdminClientTest" name="listUserShouldSucceedCompareNameForCloud"/>
  <testcase time="0.212" classname="org.openstack.client.keystone.KeyStoneAdminClientTest" name="listUserShouldReturnValidKeyForcloud"/>
  <testcase time="0.212" classname="org.openstack.client.keystone.KeyStoneAdminClientTest" name="listUserShouldThrowFaultIfInvalidUserForCloud"/>
  <testcase time="0.322" classname="org.openstack.client.keystone.KeyStoneAdminClientTest" name="listUserShouldSucceedCompareNameForMosso"/>
  <testcase time="0.366" classname="org.openstack.client.keystone.KeyStoneAdminClientTest" name="listUserShouldReturnValidKeyForMosso"/>
  <testcase time="0.257" classname="org.openstack.client.keystone.KeyStoneAdminClientTest" name="listUserShouldThrowFaultIfInvalidUserForMosso"/>
  <testcase time="0.361" classname="org.openstack.client.keystone.KeyStoneAdminClientTest" name="listUserShouldSucceedCompareNameForNast"/>
  <testcase time="0.327" classname="org.openstack.client.keystone.KeyStoneAdminClientTest" name="listUserShouldReturnValidKeyForNast"/>
  <testcase time="0.264" classname="org.openstack.client.keystone.KeyStoneAdminClientTest" name="listUserShouldThrowFaultIfInvalidUserForNast"/>
  <testcase time="0.225" classname="org.openstack.client.keystone.KeyStoneAdminClientTest" name="getUserKeyShouldReturnValidKey"/>
  <testcase time="0.227" classname="org.openstack.client.keystone.KeyStoneAdminClientTest" name="getUserKeyShouldFailForUnknownUser"/>
  <testcase time="1.03" classname="org.openstack.client.keystone.KeyStoneAdminClientTest" name="createUserShouldSucceed"/>
  <testcase time="2.405" classname="org.openstack.client.keystone.KeyStoneAdminClientTest" name="setUserKeyShouldSucceed"/>
  <testcase time="0.468" classname="org.openstack.client.keystone.KeyStoneAdminClientTest" name="deleteUserShouldSucceed"/>
</testsuite>